<?xml version="1.0" encoding="UTF-8"?>
<!-- Generated by org.testng.reporters.JUnitReportReporter -->
<testsuite hostname="LAPTOP-JSKSKA5S" failures="0" tests="1" name="com.practice.NewTest" time="0.016" errors="0" timestamp="2 Jun 2023 05:01:07 GMT">
  <testcase classname="com.practice.NewTest" name="f" time="0.016"/>
</testsuite> <!-- com.practice.NewTest -->
