<?xml version="1.0" encoding="UTF-8"?>
<!-- Generated by org.testng.reporters.JUnitReportReporter -->
<testsuite hostname="LAPTOP-JSKSKA5S" failures="0" tests="4" name="com.practice.Day7_2" time="0.016" errors="0" timestamp="2 Jun 2023 09:43:56 GMT">
  <testcase classname="com.practice.Day7_2" name="mul" time="0.000"/>
  <testcase classname="com.practice.Day7_2" name="add" time="0.012"/>
  <testcase classname="com.practice.Day7_2" name="div" time="0.003"/>
  <testcase classname="com.practice.Day7_2" name="sub" time="0.001"/>
</testsuite> <!-- com.practice.Day7_2 -->
