<?xml version="1.0" encoding="UTF-8"?>
<!-- Generated by org.testng.reporters.JUnitReportReporter -->
<testsuite hostname="LAPTOP-JSKSKA5S" failures="0" tests="1" name="com.practice.Day7_3" time="80.168" errors="0" timestamp="2 Jun 2023 09:49:56 GMT">
  <testcase classname="com.practice.Day7_3" name="underMethod" time="80.168"/>
</testsuite> <!-- com.practice.Day7_3 -->
